2021-05-28 13:13:45,101 INFO o.a.j.u.JMeterUtils: Setting Locale to en_EN
2021-05-28 13:13:45,167 INFO o.a.j.JMeter: Loading user properties from: /Users/ds/tools/apache-jmeter-5.4.1/bin/user.properties
2021-05-28 13:13:45,168 INFO o.a.j.JMeter: Loading system properties from: /Users/ds/tools/apache-jmeter-5.4.1/bin/system.properties
2021-05-28 13:13:45,181 INFO o.a.j.JMeter: Copyright (c) 1998-2021 The Apache Software Foundation
2021-05-28 13:13:45,181 INFO o.a.j.JMeter: Version 5.4.1
2021-05-28 13:13:45,182 INFO o.a.j.JMeter: java.version=11.0.10
2021-05-28 13:13:45,182 INFO o.a.j.JMeter: java.vm.name=OpenJDK 64-Bit Server VM
2021-05-28 13:13:45,182 INFO o.a.j.JMeter: os.name=Mac OS X
2021-05-28 13:13:45,182 INFO o.a.j.JMeter: os.arch=x86_64
2021-05-28 13:13:45,182 INFO o.a.j.JMeter: os.version=10.13.6
2021-05-28 13:13:45,182 INFO o.a.j.JMeter: file.encoding=UTF-8
2021-05-28 13:13:45,182 INFO o.a.j.JMeter: java.awt.headless=null
2021-05-28 13:13:45,182 INFO o.a.j.JMeter: Max memory     =1073741824
2021-05-28 13:13:45,182 INFO o.a.j.JMeter: Available Processors =4
2021-05-28 13:13:45,202 INFO o.a.j.JMeter: Default Locale=English (EN)
2021-05-28 13:13:45,202 INFO o.a.j.JMeter: JMeter  Locale=English (EN)
2021-05-28 13:13:45,202 INFO o.a.j.JMeter: JMeterHome=/Users/ds/tools/apache-jmeter-5.4.1
2021-05-28 13:13:45,202 INFO o.a.j.JMeter: user.dir  =/Users/ds/code/stream-ingest
2021-05-28 13:13:45,203 INFO o.a.j.JMeter: PWD       =/Users/ds/code/stream-ingest
2021-05-28 13:13:46,211 INFO o.a.j.JMeter: IP: 192.168.4.29 Name: lappy.local FullName: 192.168.4.29
2021-05-28 13:13:47,237 INFO o.a.j.JMeter: Setting LAF to: laf:com.apple.laf.AquaLookAndFeel
2021-05-28 13:13:50,888 INFO o.a.j.JMeter: Loaded icon properties from org/apache/jmeter/images/icon.properties
2021-05-28 13:14:38,049 INFO o.a.j.s.FileServer: Default base='/Users/ds/code/stream-ingest'
2021-05-28 13:14:38,057 INFO o.a.j.g.a.Load: Loading file: /Users/ds/code/stream-ingest/archive-driver.jmx
2021-05-28 13:14:38,058 INFO o.a.j.s.FileServer: Set new base='/Users/ds/code/stream-ingest'
2021-05-28 13:14:38,413 INFO o.a.j.s.SaveService: Testplan (JMX) version: 2.2. Testlog (JTL) version: 2.2
2021-05-28 13:14:38,440 INFO o.a.j.s.SaveService: Using SaveService properties version 5.0
2021-05-28 13:14:38,443 INFO o.a.j.s.SaveService: Using SaveService properties file encoding UTF-8
2021-05-28 13:14:38,445 INFO o.a.j.s.SaveService: Loading file: /Users/ds/code/stream-ingest/archive-driver.jmx
2021-05-28 13:14:38,486 INFO o.a.j.p.h.s.HTTPSamplerBase: Parser for text/html is org.apache.jmeter.protocol.http.parser.LagartoBasedHtmlParser
2021-05-28 13:14:38,486 INFO o.a.j.p.h.s.HTTPSamplerBase: Parser for application/xhtml+xml is org.apache.jmeter.protocol.http.parser.LagartoBasedHtmlParser
2021-05-28 13:14:38,486 INFO o.a.j.p.h.s.HTTPSamplerBase: Parser for application/xml is org.apache.jmeter.protocol.http.parser.LagartoBasedHtmlParser
2021-05-28 13:14:38,486 INFO o.a.j.p.h.s.HTTPSamplerBase: Parser for text/xml is org.apache.jmeter.protocol.http.parser.LagartoBasedHtmlParser
2021-05-28 13:14:38,487 INFO o.a.j.p.h.s.HTTPSamplerBase: Parser for text/vnd.wap.wml is org.apache.jmeter.protocol.http.parser.RegexpHTMLParser
2021-05-28 13:14:38,487 INFO o.a.j.p.h.s.HTTPSamplerBase: Parser for text/css is org.apache.jmeter.protocol.http.parser.CssParser
2021-05-28 13:14:38,864 INFO o.a.j.s.FileServer: Set new base='/Users/ds/code/stream-ingest'
2021-05-28 13:15:41,070 INFO o.a.j.e.StandardJMeterEngine: Running the test!
2021-05-28 13:15:41,074 INFO o.a.j.s.SampleEvent: List of sample_variables: []
2021-05-28 13:15:41,075 INFO o.a.j.s.SampleEvent: List of sample_variables: []
2021-05-28 13:15:41,081 INFO o.a.j.e.u.CompoundVariable: Note: Function class names must contain the string: '.functions.'
2021-05-28 13:15:41,082 INFO o.a.j.e.u.CompoundVariable: Note: Function class names must not contain the string: '.gui.'
2021-05-28 13:15:41,661 INFO o.a.j.g.u.JMeterMenuBar: setRunning(true, *local*)
2021-05-28 13:15:41,757 INFO o.a.j.e.StandardJMeterEngine: Starting ThreadGroup: 1 : Thread Group
2021-05-28 13:15:41,759 INFO o.a.j.e.StandardJMeterEngine: Starting 1 threads for group Thread Group.
2021-05-28 13:15:41,759 INFO o.a.j.e.StandardJMeterEngine: Thread will continue on error
2021-05-28 13:15:41,760 INFO o.a.j.t.ThreadGroup: Starting thread group... number=1 threads=1 ramp-up=0 delayedStart=false
2021-05-28 13:15:41,767 INFO o.a.j.t.ThreadGroup: Started thread group number 1
2021-05-28 13:15:41,768 INFO o.a.j.e.StandardJMeterEngine: All thread groups have been started
2021-05-28 13:15:41,769 INFO o.a.j.t.JMeterThread: Thread started: Thread Group 1-1
2021-05-28 13:15:41,808 INFO o.a.j.p.h.s.HTTPHCAbstractImpl: Local host = lappy.local
2021-05-28 13:15:41,834 INFO o.a.j.p.h.s.HTTPHC4Impl: HTTP request retry count = 0
2021-05-28 13:15:41,836 INFO o.a.j.s.SampleResult: Note: Sample TimeStamps are START times
2021-05-28 13:15:41,836 INFO o.a.j.s.SampleResult: sampleresult.default.encoding is set to ISO-8859-1
2021-05-28 13:15:41,836 INFO o.a.j.s.SampleResult: sampleresult.useNanoTime=true
2021-05-28 13:15:41,837 INFO o.a.j.s.SampleResult: sampleresult.nanoThreadSleep=5000
2021-05-28 13:15:44,257 INFO o.a.j.t.JMeterThread: Thread is done: Thread Group 1-1
2021-05-28 13:15:44,258 INFO o.a.j.t.JMeterThread: Thread finished: Thread Group 1-1
2021-05-28 13:15:44,259 INFO o.a.j.e.StandardJMeterEngine: Notifying test listeners of end of test
2021-05-28 13:15:44,260 INFO o.a.j.g.u.JMeterMenuBar: setRunning(false, *local*)
2021-05-28 13:16:13,975 INFO o.a.j.e.StandardJMeterEngine: Running the test!
2021-05-28 13:16:13,976 INFO o.a.j.s.SampleEvent: List of sample_variables: []
2021-05-28 13:16:13,985 INFO o.a.j.g.u.JMeterMenuBar: setRunning(true, *local*)
2021-05-28 13:16:14,045 INFO o.a.j.e.StandardJMeterEngine: Starting ThreadGroup: 1 : Thread Group
2021-05-28 13:16:14,046 INFO o.a.j.e.StandardJMeterEngine: Starting 1 threads for group Thread Group.
2021-05-28 13:16:14,046 INFO o.a.j.e.StandardJMeterEngine: Thread will continue on error
2021-05-28 13:16:14,046 INFO o.a.j.t.ThreadGroup: Starting thread group... number=1 threads=1 ramp-up=0 delayedStart=false
2021-05-28 13:16:14,048 INFO o.a.j.t.ThreadGroup: Started thread group number 1
2021-05-28 13:16:14,048 INFO o.a.j.e.StandardJMeterEngine: All thread groups have been started
2021-05-28 13:16:14,051 INFO o.a.j.t.JMeterThread: Thread started: Thread Group 1-1
2021-05-28 13:16:14,378 INFO o.a.j.t.JMeterThread: Thread is done: Thread Group 1-1
2021-05-28 13:16:14,379 INFO o.a.j.t.JMeterThread: Thread finished: Thread Group 1-1
2021-05-28 13:16:14,379 INFO o.a.j.e.StandardJMeterEngine: Notifying test listeners of end of test
2021-05-28 13:16:14,380 INFO o.a.j.g.u.JMeterMenuBar: setRunning(false, *local*)
2021-05-28 13:18:14,960 INFO o.a.j.e.StandardJMeterEngine: Running the test!
2021-05-28 13:18:14,963 INFO o.a.j.s.SampleEvent: List of sample_variables: []
2021-05-28 13:18:14,971 INFO o.a.j.g.u.JMeterMenuBar: setRunning(true, *local*)
2021-05-28 13:18:15,031 INFO o.a.j.e.StandardJMeterEngine: Starting ThreadGroup: 1 : Thread Group
2021-05-28 13:18:15,031 INFO o.a.j.e.StandardJMeterEngine: Starting 1 threads for group Thread Group.
2021-05-28 13:18:15,032 INFO o.a.j.e.StandardJMeterEngine: Thread will continue on error
2021-05-28 13:18:15,032 INFO o.a.j.t.ThreadGroup: Starting thread group... number=1 threads=1 ramp-up=0 delayedStart=false
2021-05-28 13:18:15,032 INFO o.a.j.t.ThreadGroup: Started thread group number 1
2021-05-28 13:18:15,033 INFO o.a.j.e.StandardJMeterEngine: All thread groups have been started
2021-05-28 13:18:15,034 INFO o.a.j.t.JMeterThread: Thread started: Thread Group 1-1
2021-05-28 13:18:15,242 INFO o.a.j.t.JMeterThread: Thread is done: Thread Group 1-1
2021-05-28 13:18:15,242 INFO o.a.j.t.JMeterThread: Thread finished: Thread Group 1-1
2021-05-28 13:18:15,243 INFO o.a.j.e.StandardJMeterEngine: Notifying test listeners of end of test
2021-05-28 13:18:15,243 INFO o.a.j.g.u.JMeterMenuBar: setRunning(false, *local*)
2021-05-28 13:18:27,947 INFO o.a.j.e.StandardJMeterEngine: Running the test!
2021-05-28 13:18:27,948 INFO o.a.j.s.SampleEvent: List of sample_variables: []
2021-05-28 13:18:27,961 INFO o.a.j.g.u.JMeterMenuBar: setRunning(true, *local*)
2021-05-28 13:18:28,019 INFO o.a.j.e.StandardJMeterEngine: Starting ThreadGroup: 1 : Thread Group
2021-05-28 13:18:28,020 INFO o.a.j.e.StandardJMeterEngine: Starting 1 threads for group Thread Group.
2021-05-28 13:18:28,021 INFO o.a.j.e.StandardJMeterEngine: Thread will continue on error
2021-05-28 13:18:28,021 INFO o.a.j.t.ThreadGroup: Starting thread group... number=1 threads=1 ramp-up=0 delayedStart=false
2021-05-28 13:18:28,024 INFO o.a.j.t.ThreadGroup: Started thread group number 1
2021-05-28 13:18:28,024 INFO o.a.j.e.StandardJMeterEngine: All thread groups have been started
2021-05-28 13:18:28,025 INFO o.a.j.t.JMeterThread: Thread started: Thread Group 1-1
2021-05-28 13:18:28,182 INFO o.a.j.t.JMeterThread: Thread is done: Thread Group 1-1
2021-05-28 13:18:28,182 INFO o.a.j.t.JMeterThread: Thread finished: Thread Group 1-1
2021-05-28 13:18:28,182 INFO o.a.j.e.StandardJMeterEngine: Notifying test listeners of end of test
2021-05-28 13:18:28,183 INFO o.a.j.g.u.JMeterMenuBar: setRunning(false, *local*)
2021-05-28 13:21:53,898 INFO o.a.j.e.StandardJMeterEngine: Running the test!
2021-05-28 13:21:53,900 INFO o.a.j.s.SampleEvent: List of sample_variables: []
2021-05-28 13:21:53,906 INFO o.a.j.g.u.JMeterMenuBar: setRunning(true, *local*)
2021-05-28 13:21:53,981 INFO o.a.j.e.StandardJMeterEngine: Starting ThreadGroup: 1 : Thread Group
2021-05-28 13:21:53,982 INFO o.a.j.e.StandardJMeterEngine: Starting 1 threads for group Thread Group.
2021-05-28 13:21:53,983 INFO o.a.j.e.StandardJMeterEngine: Thread will continue on error
2021-05-28 13:21:53,983 INFO o.a.j.t.ThreadGroup: Starting thread group... number=1 threads=1 ramp-up=0 delayedStart=false
2021-05-28 13:21:53,984 INFO o.a.j.t.ThreadGroup: Started thread group number 1
2021-05-28 13:21:53,984 INFO o.a.j.e.StandardJMeterEngine: All thread groups have been started
2021-05-28 13:21:53,984 INFO o.a.j.t.JMeterThread: Thread started: Thread Group 1-1
2021-05-28 13:21:54,192 INFO o.a.j.t.JMeterThread: Thread is done: Thread Group 1-1
2021-05-28 13:21:54,192 INFO o.a.j.t.JMeterThread: Thread finished: Thread Group 1-1
2021-05-28 13:21:54,193 INFO o.a.j.e.StandardJMeterEngine: Notifying test listeners of end of test
2021-05-28 13:21:54,194 INFO o.a.j.g.u.JMeterMenuBar: setRunning(false, *local*)
2021-05-28 13:22:15,094 INFO o.a.j.e.StandardJMeterEngine: Running the test!
2021-05-28 13:22:15,095 INFO o.a.j.s.SampleEvent: List of sample_variables: []
2021-05-28 13:22:15,098 INFO o.a.j.g.u.JMeterMenuBar: setRunning(true, *local*)
2021-05-28 13:22:15,157 INFO o.a.j.e.StandardJMeterEngine: Starting ThreadGroup: 1 : Thread Group
2021-05-28 13:22:15,157 INFO o.a.j.e.StandardJMeterEngine: Starting 1 threads for group Thread Group.
2021-05-28 13:22:15,157 INFO o.a.j.e.StandardJMeterEngine: Thread will continue on error
2021-05-28 13:22:15,159 INFO o.a.j.t.ThreadGroup: Starting thread group... number=1 threads=1 ramp-up=0 delayedStart=false
2021-05-28 13:22:15,162 INFO o.a.j.t.ThreadGroup: Started thread group number 1
2021-05-28 13:22:15,162 INFO o.a.j.e.StandardJMeterEngine: All thread groups have been started
2021-05-28 13:22:15,163 INFO o.a.j.t.JMeterThread: Thread started: Thread Group 1-1
2021-05-28 13:22:15,741 INFO o.a.j.t.JMeterThread: Thread is done: Thread Group 1-1
2021-05-28 13:22:15,742 INFO o.a.j.t.JMeterThread: Thread finished: Thread Group 1-1
2021-05-28 13:22:15,743 INFO o.a.j.e.StandardJMeterEngine: Notifying test listeners of end of test
2021-05-28 13:22:15,744 INFO o.a.j.g.u.JMeterMenuBar: setRunning(false, *local*)
2021-05-28 13:22:27,702 INFO o.a.j.e.StandardJMeterEngine: Running the test!
2021-05-28 13:22:27,702 INFO o.a.j.s.SampleEvent: List of sample_variables: []
2021-05-28 13:22:27,705 INFO o.a.j.g.u.JMeterMenuBar: setRunning(true, *local*)
2021-05-28 13:22:27,766 INFO o.a.j.e.StandardJMeterEngine: Starting ThreadGroup: 1 : Thread Group
2021-05-28 13:22:27,766 INFO o.a.j.e.StandardJMeterEngine: Starting 1 threads for group Thread Group.
2021-05-28 13:22:27,768 INFO o.a.j.e.StandardJMeterEngine: Thread will continue on error
2021-05-28 13:22:27,769 INFO o.a.j.t.ThreadGroup: Starting thread group... number=1 threads=1 ramp-up=0 delayedStart=false
2021-05-28 13:22:27,772 INFO o.a.j.t.ThreadGroup: Started thread group number 1
2021-05-28 13:22:27,773 INFO o.a.j.e.StandardJMeterEngine: All thread groups have been started
2021-05-28 13:22:27,774 INFO o.a.j.t.JMeterThread: Thread started: Thread Group 1-1
2021-05-28 13:22:55,900 INFO o.a.j.t.JMeterThread: Thread is done: Thread Group 1-1
2021-05-28 13:22:55,900 INFO o.a.j.t.JMeterThread: Thread finished: Thread Group 1-1
2021-05-28 13:22:55,901 INFO o.a.j.e.StandardJMeterEngine: Notifying test listeners of end of test
2021-05-28 13:22:55,901 INFO o.a.j.g.u.JMeterMenuBar: setRunning(false, *local*)
2021-05-28 13:34:57,389 INFO o.a.j.e.StandardJMeterEngine: Running the test!
2021-05-28 13:34:57,401 INFO o.a.j.s.SampleEvent: List of sample_variables: []
2021-05-28 13:34:57,411 INFO o.a.j.g.u.JMeterMenuBar: setRunning(true, *local*)
2021-05-28 13:34:57,703 INFO o.a.j.e.StandardJMeterEngine: Starting ThreadGroup: 1 : Thread Group
2021-05-28 13:34:57,705 INFO o.a.j.e.StandardJMeterEngine: Starting 1 threads for group Thread Group.
2021-05-28 13:34:57,705 INFO o.a.j.e.StandardJMeterEngine: Thread will continue on error
2021-05-28 13:34:57,706 INFO o.a.j.t.ThreadGroup: Starting thread group... number=1 threads=1 ramp-up=0 delayedStart=false
2021-05-28 13:34:57,709 INFO o.a.j.t.ThreadGroup: Started thread group number 1
2021-05-28 13:34:57,709 INFO o.a.j.e.StandardJMeterEngine: All thread groups have been started
2021-05-28 13:34:57,712 INFO o.a.j.t.JMeterThread: Thread started: Thread Group 1-1
2021-05-28 13:34:57,783 INFO o.a.j.t.JMeterThread: Thread is done: Thread Group 1-1
2021-05-28 13:34:57,783 INFO o.a.j.t.JMeterThread: Thread finished: Thread Group 1-1
2021-05-28 13:34:57,784 INFO o.a.j.e.StandardJMeterEngine: Notifying test listeners of end of test
2021-05-28 13:34:57,785 INFO o.a.j.g.u.JMeterMenuBar: setRunning(false, *local*)
2021-05-28 13:45:00,782 INFO o.a.j.e.StandardJMeterEngine: Running the test!
2021-05-28 13:45:00,790 INFO o.a.j.s.SampleEvent: List of sample_variables: []
2021-05-28 13:45:00,793 INFO o.a.j.g.u.JMeterMenuBar: setRunning(true, *local*)
2021-05-28 13:45:01,096 INFO o.a.j.e.StandardJMeterEngine: Starting ThreadGroup: 1 : Thread Group
2021-05-28 13:45:01,096 INFO o.a.j.e.StandardJMeterEngine: Starting 1 threads for group Thread Group.
2021-05-28 13:45:01,097 INFO o.a.j.e.StandardJMeterEngine: Thread will continue on error
2021-05-28 13:45:01,097 INFO o.a.j.t.ThreadGroup: Starting thread group... number=1 threads=1 ramp-up=0 delayedStart=false
2021-05-28 13:45:01,099 INFO o.a.j.t.ThreadGroup: Started thread group number 1
2021-05-28 13:45:01,100 INFO o.a.j.e.StandardJMeterEngine: All thread groups have been started
2021-05-28 13:45:01,100 INFO o.a.j.t.JMeterThread: Thread started: Thread Group 1-1
2021-05-28 13:45:01,494 INFO o.a.j.t.JMeterThread: Thread is done: Thread Group 1-1
2021-05-28 13:45:01,494 INFO o.a.j.t.JMeterThread: Thread finished: Thread Group 1-1
2021-05-28 13:45:01,494 INFO o.a.j.e.StandardJMeterEngine: Notifying test listeners of end of test
2021-05-28 13:45:01,495 INFO o.a.j.g.u.JMeterMenuBar: setRunning(false, *local*)
2021-05-28 13:45:20,612 INFO o.a.j.e.StandardJMeterEngine: Running the test!
2021-05-28 13:45:20,613 INFO o.a.j.s.SampleEvent: List of sample_variables: []
2021-05-28 13:45:20,616 INFO o.a.j.g.u.JMeterMenuBar: setRunning(true, *local*)
2021-05-28 13:45:20,689 INFO o.a.j.e.StandardJMeterEngine: Starting ThreadGroup: 1 : Thread Group
2021-05-28 13:45:20,690 INFO o.a.j.e.StandardJMeterEngine: Starting 1 threads for group Thread Group.
2021-05-28 13:45:20,690 INFO o.a.j.e.StandardJMeterEngine: Thread will continue on error
2021-05-28 13:45:20,690 INFO o.a.j.t.ThreadGroup: Starting thread group... number=1 threads=1 ramp-up=0 delayedStart=false
2021-05-28 13:45:20,692 INFO o.a.j.t.ThreadGroup: Started thread group number 1
2021-05-28 13:45:20,692 INFO o.a.j.e.StandardJMeterEngine: All thread groups have been started
2021-05-28 13:45:20,692 INFO o.a.j.t.JMeterThread: Thread started: Thread Group 1-1
2021-05-28 13:45:25,751 INFO o.a.j.t.JMeterThread: Thread is done: Thread Group 1-1
2021-05-28 13:45:25,752 INFO o.a.j.t.JMeterThread: Thread finished: Thread Group 1-1
2021-05-28 13:45:25,752 INFO o.a.j.e.StandardJMeterEngine: Notifying test listeners of end of test
2021-05-28 13:45:25,753 INFO o.a.j.g.u.JMeterMenuBar: setRunning(false, *local*)
2021-05-28 13:45:37,784 INFO o.a.j.e.StandardJMeterEngine: Running the test!
2021-05-28 13:45:37,786 INFO o.a.j.s.SampleEvent: List of sample_variables: []
2021-05-28 13:45:37,788 INFO o.a.j.g.u.JMeterMenuBar: setRunning(true, *local*)
2021-05-28 13:45:37,857 INFO o.a.j.e.StandardJMeterEngine: Starting ThreadGroup: 1 : Thread Group
2021-05-28 13:45:37,858 INFO o.a.j.e.StandardJMeterEngine: Starting 1 threads for group Thread Group.
2021-05-28 13:45:37,859 INFO o.a.j.e.StandardJMeterEngine: Thread will continue on error
2021-05-28 13:45:37,859 INFO o.a.j.t.ThreadGroup: Starting thread group... number=1 threads=1 ramp-up=0 delayedStart=false
2021-05-28 13:45:37,865 INFO o.a.j.t.ThreadGroup: Started thread group number 1
2021-05-28 13:45:37,866 INFO o.a.j.e.StandardJMeterEngine: All thread groups have been started
2021-05-28 13:45:37,866 INFO o.a.j.t.JMeterThread: Thread started: Thread Group 1-1
2021-05-28 13:52:02,230 INFO o.a.j.g.a.Start: Stopping test
2021-05-28 13:52:02,292 INFO o.a.j.t.JMeterThread: Stopping: Thread Group 1-1
2021-05-28 13:52:02,293 WARN o.a.j.t.JMeterThread: The delay timer was interrupted - probably did not wait as long as intended.
2021-05-28 13:52:02,294 INFO o.a.j.t.JMeterThread: Thread finished: Thread Group 1-1
2021-05-28 13:52:02,296 INFO o.a.j.e.StandardJMeterEngine: Notifying test listeners of end of test
2021-05-28 13:52:02,297 INFO o.a.j.g.u.JMeterMenuBar: setRunning(false, *local*)
